<?xml version="1.0" encoding="UTF-8"?>
<testng-results ignored="0" total="2" passed="2" failed="0" skipped="0">
  <reporter-output>
  </reporter-output>
  <suite started-at="2023-05-27T13:00:57 IST" name="Suite" finished-at="2023-05-27T13:03:30 IST" duration-ms="153400">
    <groups>
    </groups>
    <test started-at="2023-05-27T13:00:57 IST" name="ChromeTest" finished-at="2023-05-27T13:02:25 IST" duration-ms="88216">
      <class name="com.fb.testcases.TestLoginTC001">
        <test-method is-config="true" signature="openBrowser(java.lang.String)[pri:0, instance:com.fb.testcases.TestLoginTC001@1e0b4072]" started-at="2023-05-27T13:00:57 IST" name="openBrowser" finished-at="2023-05-27T13:02:14 IST" duration-ms="77605" status="PASS">
          <params>
            <param index="0">
              <value>
                <![CDATA[chrome]]>
              </value>
            </param>
          </params>
          <reporter-output>
          </reporter-output>
        </test-method> <!-- openBrowser -->
        <test-method signature="testLoginFB()[pri:0, instance:com.fb.testcases.TestLoginTC001@1e0b4072]" started-at="2023-05-27T13:02:14 IST" name="testLoginFB" finished-at="2023-05-27T13:02:23 IST" duration-ms="8545" status="PASS">
          <reporter-output>
          </reporter-output>
        </test-method> <!-- testLoginFB -->
        <test-method is-config="true" signature="closeBrowser()[pri:0, instance:com.fb.testcases.TestLoginTC001@1e0b4072]" started-at="2023-05-27T13:02:23 IST" name="closeBrowser" finished-at="2023-05-27T13:02:25 IST" duration-ms="2003" status="PASS">
          <reporter-output>
          </reporter-output>
        </test-method> <!-- closeBrowser -->
      </class> <!-- com.fb.testcases.TestLoginTC001 -->
    </test> <!-- ChromeTest -->
    <test started-at="2023-05-27T13:02:25 IST" name="EdgeTest" finished-at="2023-05-27T13:03:30 IST" duration-ms="64865">
      <class name="com.fb.testcases.TestLoginTC001">
        <test-method is-config="true" signature="openBrowser(java.lang.String)[pri:0, instance:com.fb.testcases.TestLoginTC001@7674f035]" started-at="2023-05-27T13:02:25 IST" name="openBrowser" finished-at="2023-05-27T13:03:19 IST" duration-ms="54098" status="PASS">
          <params>
            <param index="0">
              <value>
                <![CDATA[edge]]>
              </value>
            </param>
          </params>
          <reporter-output>
          </reporter-output>
        </test-method> <!-- openBrowser -->
        <test-method signature="testLoginFB()[pri:0, instance:com.fb.testcases.TestLoginTC001@7674f035]" started-at="2023-05-27T13:03:19 IST" name="testLoginFB" finished-at="2023-05-27T13:03:28 IST" duration-ms="8753" status="PASS">
          <reporter-output>
          </reporter-output>
        </test-method> <!-- testLoginFB -->
        <test-method is-config="true" signature="closeBrowser()[pri:0, instance:com.fb.testcases.TestLoginTC001@7674f035]" started-at="2023-05-27T13:03:28 IST" name="closeBrowser" finished-at="2023-05-27T13:03:30 IST" duration-ms="2013" status="PASS">
          <reporter-output>
          </reporter-output>
        </test-method> <!-- closeBrowser -->
      </class> <!-- com.fb.testcases.TestLoginTC001 -->
    </test> <!-- EdgeTest -->
  </suite> <!-- Suite -->
</testng-results>
