<?xml version="1.0" encoding="UTF-8"?>
<testng-results ignored="0" total="2" passed="2" failed="0" skipped="0">
  <reporter-output>
  </reporter-output>
  <suite started-at="2023-05-12T12:01:54 IST" name="Suite" finished-at="2023-05-12T12:02:58 IST" duration-ms="63654">
    <groups>
    </groups>
    <test started-at="2023-05-12T12:01:54 IST" name="ChromeTest" finished-at="2023-05-12T12:02:27 IST" duration-ms="32774">
      <class name="com.fb.testcases.TestLoginTC001">
        <test-method is-config="true" signature="openBrowser(java.lang.String)[pri:0, instance:com.fb.testcases.TestLoginTC001@4facf68f]" started-at="2023-05-12T12:01:54 IST" name="openBrowser" finished-at="2023-05-12T12:02:08 IST" duration-ms="13779" status="PASS">
          <params>
            <param index="0">
              <value>
                <![CDATA[chrome]]>
              </value>
            </param>
          </params>
          <reporter-output>
          </reporter-output>
        </test-method> <!-- openBrowser -->
        <test-method signature="testLoginFB()[pri:0, instance:com.fb.testcases.TestLoginTC001@4facf68f]" started-at="2023-05-12T12:02:08 IST" name="testLoginFB" finished-at="2023-05-12T12:02:22 IST" duration-ms="14216" status="PASS">
          <reporter-output>
          </reporter-output>
        </test-method> <!-- testLoginFB -->
        <test-method is-config="true" signature="closeBrowser()[pri:0, instance:com.fb.testcases.TestLoginTC001@4facf68f]" started-at="2023-05-12T12:02:22 IST" name="closeBrowser" finished-at="2023-05-12T12:02:27 IST" duration-ms="4692" status="PASS">
          <reporter-output>
          </reporter-output>
        </test-method> <!-- closeBrowser -->
      </class> <!-- com.fb.testcases.TestLoginTC001 -->
    </test> <!-- ChromeTest -->
    <test started-at="2023-05-12T12:02:27 IST" name="EdgeTest" finished-at="2023-05-12T12:02:58 IST" duration-ms="30594">
      <class name="com.fb.testcases.TestLoginTC001">
        <test-method is-config="true" signature="openBrowser(java.lang.String)[pri:0, instance:com.fb.testcases.TestLoginTC001@1a451d4d]" started-at="2023-05-12T12:02:27 IST" name="openBrowser" finished-at="2023-05-12T12:02:45 IST" duration-ms="18238" status="PASS">
          <params>
            <param index="0">
              <value>
                <![CDATA[edge]]>
              </value>
            </param>
          </params>
          <reporter-output>
          </reporter-output>
        </test-method> <!-- openBrowser -->
        <test-method signature="testLoginFB()[pri:0, instance:com.fb.testcases.TestLoginTC001@1a451d4d]" started-at="2023-05-12T12:02:45 IST" name="testLoginFB" finished-at="2023-05-12T12:02:57 IST" duration-ms="11455" status="PASS">
          <reporter-output>
          </reporter-output>
        </test-method> <!-- testLoginFB -->
        <test-method is-config="true" signature="closeBrowser()[pri:0, instance:com.fb.testcases.TestLoginTC001@1a451d4d]" started-at="2023-05-12T12:02:57 IST" name="closeBrowser" finished-at="2023-05-12T12:02:58 IST" duration-ms="885" status="PASS">
          <reporter-output>
          </reporter-output>
        </test-method> <!-- closeBrowser -->
      </class> <!-- com.fb.testcases.TestLoginTC001 -->
    </test> <!-- EdgeTest -->
  </suite> <!-- Suite -->
</testng-results>
